<?xml version="1.0" encoding="UTF-8"?>
<testsuite xmlns:xsi="http://www.w3.org/2001/XMLSchema-instance" xsi:noNamespaceSchemaLocation="https://maven.apache.org/surefire/maven-surefire-plugin/xsd/surefire-test-report-3.0.xsd" version="3.0" name="com.example.AppTest" time="0.034" tests="1" errors="0" skipped="0" failures="0">
  <properties>
    <property name="java.specification.version" value="22"/>
    <property name="sun.cpu.isalist" value="amd64"/>
    <property name="sun.jnu.encoding" value="Cp1252"/>
    <property name="java.class.path" value="C:\Users\karun\jenkins-maven-demo\target\test-classes;C:\Users\karun\jenkins-maven-demo\target\classes;C:\Users\karun\.m2\repository\junit\junit\3.8.1\junit-3.8.1.jar;"/>
    <property name="java.vm.vendor" value="Oracle Corporation"/>
    <property name="sun.arch.data.model" value="64"/>
    <property name="user.variant" value=""/>
    <property name="java.vendor.url" value="https://java.oracle.com/"/>
    <property name="user.timezone" value="Asia/Calcutta"/>
    <property name="os.name" value="Windows 11"/>
    <property name="java.vm.specification.version" value="22"/>
    <property name="sun.java.launcher" value="SUN_STANDARD"/>
    <property name="user.country" value="IN"/>
    <property name="sun.boot.library.path" value="C:\graalvm-jdk-22\graalvm-jdk-22.0.1+8.1\bin"/>
    <property name="sun.java.command" value="C:\Users\karun\AppData\Local\Temp\surefire12651415417533225505\surefirebooter-20250308201806388_3.jar C:\Users\karun\AppData\Local\Temp\surefire12651415417533225505 2025-03-08T20-18-06_137-jvmRun1 surefire-20250308201806388_1tmp surefire_0-20250308201806388_2tmp"/>
    <property name="jdk.debug" value="release"/>
    <property name="surefire.test.class.path" value="C:\Users\karun\jenkins-maven-demo\target\test-classes;C:\Users\karun\jenkins-maven-demo\target\classes;C:\Users\karun\.m2\repository\junit\junit\3.8.1\junit-3.8.1.jar;"/>
    <property name="sun.cpu.endian" value="little"/>
    <property name="user.home" value="C:\Users\karun"/>
    <property name="user.language" value="en"/>
    <property name="java.specification.vendor" value="Oracle Corporation"/>
    <property name="java.version.date" value="2024-04-16"/>
    <property name="java.home" value="C:\graalvm-jdk-22\graalvm-jdk-22.0.1+8.1"/>
    <property name="file.separator" value="\"/>
    <property name="basedir" value="C:\Users\karun\jenkins-maven-demo"/>
    <property name="java.vm.compressedOopsMode" value="32-bit"/>
    <property name="jdk.internal.vm.ci.enabled" value="true"/>
    <property name="line.separator" value="&#10;"/>
    <property name="java.vm.specification.vendor" value="Oracle Corporation"/>
    <property name="java.specification.name" value="Java Platform API Specification"/>
    <property name="surefire.real.class.path" value="C:\Users\karun\AppData\Local\Temp\surefire12651415417533225505\surefirebooter-20250308201806388_3.jar"/>
    <property name="user.script" value=""/>
    <property name="sun.management.compiler" value="HotSpot 64-Bit Tiered Compilers"/>
    <property name="java.runtime.version" value="22.0.1+8-jvmci-b01"/>
    <property name="user.name" value="karun"/>
    <property name="stdout.encoding" value="Cp1252"/>
    <property name="path.separator" value=";"/>
    <property name="os.version" value="10.0"/>
    <property name="java.runtime.name" value="Java(TM) SE Runtime Environment"/>
    <property name="file.encoding" value="UTF-8"/>
    <property name="java.vm.name" value="Java HotSpot(TM) 64-Bit Server VM"/>
    <property name="java.vendor.version" value="Oracle GraalVM 22.0.1+8.1"/>
    <property name="localRepository" value="C:\Users\karun\.m2\repository"/>
    <property name="java.vendor.url.bug" value="https://bugreport.java.com/bugreport/"/>
    <property name="java.io.tmpdir" value="C:\Users\karun\AppData\Local\Temp\"/>
    <property name="java.version" value="22.0.1"/>
    <property name="user.dir" value="C:\Users\karun\jenkins-maven-demo"/>
    <property name="os.arch" value="amd64"/>
    <property name="java.vm.specification.name" value="Java Virtual Machine Specification"/>
    <property name="sun.os.patch.level" value=""/>
    <property name="native.encoding" value="Cp1252"/>
    <property name="java.library.path" value="C:\graalvm-jdk-22\graalvm-jdk-22.0.1+8.1\bin;C:\WINDOWS\Sun\Java\bin;C:\WINDOWS\system32;C:\WINDOWS;C:\Program Files\Common Files\Oracle\Java\javapath;C:\Program Files\Python311\Scripts\;C:\Program Files\Python311\;C:\oraclexe\app\oracle\product\10.2.0\server\bin;C:\WINDOWS\system32;C:\WINDOWS;C:\WINDOWS\System32\Wbem;C:\WINDOWS\System32\WindowsPowerShell\v1.0\;C:\WINDOWS\System32\OpenSSH\;C:\Program Files\Microsoft SQL Server\150\Tools\Binn\;C:\Program Files\Microsoft SQL Server\110\Tools\Binn\;C:\Program Files\PuTTY\;C:\Program Files\nodejs\;C:\Users\karun\Downloads\php-8.3.4;C:\Program Files\HP\HP One Agent;C:\Program Files\OpenSSL-Win64\bin;C:\Program Files\Java\jdk-22\bin;C:\Program Files\apache-maven-3.9.6-bin\apache-maven-3.9.6;C:\Program Files\apache-tomcat-10.1.23-windows-x64\apache-tomcat-10.1.23;C:\Users\karun\Downloads\mysql-8.3.0-winx64.zip\mysql-8.3.0-winx64;C:\graalvm-jdk-22\graalvm-jdk-22.0.1+8.1;C:\Program Files\MongoDB\mongosh-2.3.0-win32-x64\bin;C:\Program Files\MongoDB\mongosh-2.0.0-win32-x64\bin;C:\Program Files\MongoDB\mongodb-windows-x86_64-7.0.12-signed (2).msi;C:\Program Files\MongoDB\mongodb-win32-x86_64-windows-6.0.17\bin;search-ms:displayname=Search%20Results%20in%20Program%20Files&amp;crumb=location:C%3A%5CProgram%20Files\MySQL Server 9.1;C:\Program Files\MySQL\MySQL Server 8.0\bin;C:\Program Files\Java\jdk-21\bin;C:\Program Files\sqlite;C:\Program Files\apache-maven-3.9.9\bin;C:\WINDOWS\system32;C:\WINDOWS;C:\WINDOWS\System32\Wbem;C:\WINDOWS\System32\WindowsPowerShell\v1.0\;C:\WINDOWS\System32\OpenSSH\;C:\Program Files\Git\cmd;C:\Program Files\MySQL\MySQL Shell 8.0\bin\;C:\Users\karun\AppData\Local\pnpm;C:\Users\karun\AppData\Local\Microsoft\WindowsApps;C:\Users\karun\.dotnet\tools;C:\Users\karun\AppData\Local\Programs\Microsoft VS Code\bin;C:\Program Files (x86)\Nmap;C:\Users\karun\AppData\Roaming\npm;C:\Users\karun\AppData\Local\GitHubDesktop\bin;C:\Users\karun\Downloads\php-8.3.4;C:\Users\karun\Downloads\apache-tomcat-10.1.23-windows-x64\apache-tomcat-10.1.23;C:\Users\karun\AppData\Local\Programs\mongosh\;;."/>
    <property name="java.vm.info" value="mixed mode, sharing"/>
    <property name="stderr.encoding" value="Cp1252"/>
    <property name="java.vendor" value="Oracle Corporation"/>
    <property name="java.vm.version" value="22.0.1+8-jvmci-b01"/>
    <property name="sun.io.unicode.encoding" value="UnicodeLittle"/>
    <property name="java.class.version" value="66.0"/>
  </properties>
  <testcase name="testApp" classname="com.example.AppTest" time="0.004"/>
</testsuite>